{"/Users/hexiangliu/Documents/homework/CIS550/HW2/HW2/server/routes.js": {"path":"/Users/hexiangliu/Documents/homework/CIS550/HW2/HW2/server/routes.js","statementMap":{"0":{"start":{"line":1,"column":15},"end":{"line":1,"column":39}},"1":{"start":{"line":2,"column":14},"end":{"line":2,"column":30}},"2":{"start":{"line":3,"column":10},"end":{"line":3,"column":28}},"3":{"start":{"line":6,"column":19},"end":{"line":12,"column":2}},"4":{"start":{"line":13,"column":0},"end":{"line":13,"column":21}},"5":{"start":{"line":23,"column":4},"end":{"line":27,"column":5}},"6":{"start":{"line":24,"column":8},"end":{"line":24,"column":73}},"7":{"start":{"line":26,"column":8},"end":{"line":26,"column":54}},"8":{"start":{"line":37,"column":19},"end":{"line":37,"column":43}},"9":{"start":{"line":38,"column":26},"end":{"line":38,"column":60}},"10":{"start":{"line":39,"column":17},"end":{"line":39,"column":59}},"11":{"start":{"line":41,"column":4},"end":{"line":51,"column":5}},"12":{"start":{"line":43,"column":8},"end":{"line":43,"column":78}},"13":{"start":{"line":44,"column":11},"end":{"line":51,"column":5}},"14":{"start":{"line":45,"column":32},"end":{"line":45,"column":62}},"15":{"start":{"line":47,"column":8},"end":{"line":47,"column":89}},"16":{"start":{"line":50,"column":8},"end":{"line":50,"column":69}},"17":{"start":{"line":66,"column":19},"end":{"line":66,"column":63}},"18":{"start":{"line":68,"column":21},"end":{"line":68,"column":67}},"19":{"start":{"line":69,"column":16},"end":{"line":69,"column":43}},"20":{"start":{"line":70,"column":4},"end":{"line":103,"column":5}},"21":{"start":{"line":75,"column":8},"end":{"line":87,"column":11}},"22":{"start":{"line":81,"column":12},"end":{"line":86,"column":13}},"23":{"start":{"line":82,"column":16},"end":{"line":82,"column":34}},"24":{"start":{"line":83,"column":16},"end":{"line":83,"column":42}},"25":{"start":{"line":84,"column":19},"end":{"line":86,"column":13}},"26":{"start":{"line":85,"column":16},"end":{"line":85,"column":46}},"27":{"start":{"line":91,"column":8},"end":{"line":102,"column":11}},"28":{"start":{"line":96,"column":12},"end":{"line":101,"column":13}},"29":{"start":{"line":97,"column":16},"end":{"line":97,"column":34}},"30":{"start":{"line":98,"column":16},"end":{"line":98,"column":42}},"31":{"start":{"line":99,"column":19},"end":{"line":101,"column":13}},"32":{"start":{"line":100,"column":16},"end":{"line":100,"column":46}},"33":{"start":{"line":109,"column":21},"end":{"line":109,"column":67}},"34":{"start":{"line":110,"column":16},"end":{"line":110,"column":43}},"35":{"start":{"line":111,"column":4},"end":{"line":137,"column":5}},"36":{"start":{"line":112,"column":8},"end":{"line":123,"column":11}},"37":{"start":{"line":117,"column":12},"end":{"line":122,"column":13}},"38":{"start":{"line":118,"column":16},"end":{"line":118,"column":34}},"39":{"start":{"line":119,"column":16},"end":{"line":119,"column":42}},"40":{"start":{"line":120,"column":19},"end":{"line":122,"column":13}},"41":{"start":{"line":121,"column":16},"end":{"line":121,"column":46}},"42":{"start":{"line":126,"column":8},"end":{"line":136,"column":11}},"43":{"start":{"line":130,"column":12},"end":{"line":135,"column":13}},"44":{"start":{"line":131,"column":16},"end":{"line":131,"column":34}},"45":{"start":{"line":132,"column":16},"end":{"line":132,"column":42}},"46":{"start":{"line":133,"column":19},"end":{"line":135,"column":13}},"47":{"start":{"line":134,"column":16},"end":{"line":134,"column":46}},"48":{"start":{"line":149,"column":13},"end":{"line":149,"column":25}},"49":{"start":{"line":150,"column":4},"end":{"line":165,"column":11}},"50":{"start":{"line":159,"column":12},"end":{"line":164,"column":13}},"51":{"start":{"line":160,"column":16},"end":{"line":160,"column":34}},"52":{"start":{"line":161,"column":16},"end":{"line":161,"column":41}},"53":{"start":{"line":162,"column":19},"end":{"line":164,"column":13}},"54":{"start":{"line":163,"column":16},"end":{"line":163,"column":46}},"55":{"start":{"line":178,"column":13},"end":{"line":178,"column":25}},"56":{"start":{"line":179,"column":4},"end":{"line":221,"column":5}},"57":{"start":{"line":183,"column":12},"end":{"line":219,"column":14}},"58":{"start":{"line":184,"column":16},"end":{"line":184,"column":34}},"59":{"start":{"line":185,"column":16},"end":{"line":185,"column":41}},"60":{"start":{"line":186,"column":19},"end":{"line":219,"column":14}},"61":{"start":{"line":187,"column":16},"end":{"line":218,"column":17}},"62":{"start":{"line":188,"column":20},"end":{"line":201,"column":22}},"63":{"start":{"line":195,"column":24},"end":{"line":200,"column":25}},"64":{"start":{"line":196,"column":28},"end":{"line":196,"column":46}},"65":{"start":{"line":197,"column":28},"end":{"line":197,"column":53}},"66":{"start":{"line":198,"column":31},"end":{"line":200,"column":25}},"67":{"start":{"line":199,"column":28},"end":{"line":199,"column":58}},"68":{"start":{"line":204,"column":20},"end":{"line":217,"column":22}},"69":{"start":{"line":211,"column":24},"end":{"line":216,"column":25}},"70":{"start":{"line":212,"column":28},"end":{"line":212,"column":46}},"71":{"start":{"line":213,"column":28},"end":{"line":213,"column":53}},"72":{"start":{"line":214,"column":31},"end":{"line":216,"column":25}},"73":{"start":{"line":215,"column":28},"end":{"line":215,"column":58}},"74":{"start":{"line":233,"column":21},"end":{"line":233,"column":67}},"75":{"start":{"line":234,"column":16},"end":{"line":234,"column":43}},"76":{"start":{"line":235,"column":15},"end":{"line":235,"column":51}},"77":{"start":{"line":236,"column":15},"end":{"line":236,"column":51}},"78":{"start":{"line":237,"column":4},"end":{"line":270,"column":5}},"79":{"start":{"line":238,"column":8},"end":{"line":252,"column":9}},"80":{"start":{"line":244,"column":12},"end":{"line":250,"column":13}},"81":{"start":{"line":245,"column":16},"end":{"line":245,"column":34}},"82":{"start":{"line":246,"column":16},"end":{"line":246,"column":40}},"83":{"start":{"line":248,"column":17},"end":{"line":250,"column":13}},"84":{"start":{"line":249,"column":16},"end":{"line":249,"column":45}},"85":{"start":{"line":255,"column":8},"end":{"line":269,"column":6}},"86":{"start":{"line":260,"column":12},"end":{"line":266,"column":13}},"87":{"start":{"line":261,"column":16},"end":{"line":261,"column":34}},"88":{"start":{"line":262,"column":16},"end":{"line":262,"column":41}},"89":{"start":{"line":265,"column":16},"end":{"line":265,"column":45}},"90":{"start":{"line":278,"column":21},"end":{"line":278,"column":67}},"91":{"start":{"line":279,"column":16},"end":{"line":279,"column":43}},"92":{"start":{"line":280,"column":15},"end":{"line":280,"column":51}},"93":{"start":{"line":281,"column":22},"end":{"line":281,"column":72}},"94":{"start":{"line":282,"column":13},"end":{"line":282,"column":49}},"95":{"start":{"line":283,"column":18},"end":{"line":283,"column":61}},"96":{"start":{"line":284,"column":19},"end":{"line":284,"column":66}},"97":{"start":{"line":285,"column":21},"end":{"line":285,"column":70}},"98":{"start":{"line":286,"column":22},"end":{"line":286,"column":75}},"99":{"start":{"line":287,"column":4},"end":{"line":322,"column":5}},"100":{"start":{"line":288,"column":8},"end":{"line":303,"column":9}},"101":{"start":{"line":295,"column":12},"end":{"line":301,"column":13}},"102":{"start":{"line":296,"column":16},"end":{"line":296,"column":34}},"103":{"start":{"line":297,"column":16},"end":{"line":297,"column":40}},"104":{"start":{"line":299,"column":17},"end":{"line":301,"column":13}},"105":{"start":{"line":300,"column":16},"end":{"line":300,"column":45}},"106":{"start":{"line":306,"column":8},"end":{"line":321,"column":6}},"107":{"start":{"line":312,"column":12},"end":{"line":318,"column":13}},"108":{"start":{"line":313,"column":16},"end":{"line":313,"column":34}},"109":{"start":{"line":314,"column":16},"end":{"line":314,"column":41}},"110":{"start":{"line":317,"column":16},"end":{"line":317,"column":45}},"111":{"start":{"line":325,"column":0},"end":{"line":334,"column":1}}},"fnMap":{"0":{"name":"hello","decl":{"start":{"line":21,"column":15},"end":{"line":21,"column":20}},"loc":{"start":{"line":21,"column":31},"end":{"line":28,"column":1}},"line":21},"1":{"name":"jersey","decl":{"start":{"line":36,"column":15},"end":{"line":36,"column":21}},"loc":{"start":{"line":36,"column":32},"end":{"line":52,"column":1}},"line":36},"2":{"name":"all_matches","decl":{"start":{"line":60,"column":15},"end":{"line":60,"column":26}},"loc":{"start":{"line":60,"column":37},"end":{"line":104,"column":1}},"line":60},"3":{"name":"(anonymous_3)","decl":{"start":{"line":79,"column":39},"end":{"line":79,"column":40}},"loc":{"start":{"line":79,"column":73},"end":{"line":87,"column":9}},"line":79},"4":{"name":"(anonymous_4)","decl":{"start":{"line":94,"column":38},"end":{"line":94,"column":39}},"loc":{"start":{"line":94,"column":72},"end":{"line":102,"column":9}},"line":94},"5":{"name":"all_players","decl":{"start":{"line":107,"column":15},"end":{"line":107,"column":26}},"loc":{"start":{"line":107,"column":37},"end":{"line":138,"column":1}},"line":107},"6":{"name":"(anonymous_6)","decl":{"start":{"line":115,"column":38},"end":{"line":115,"column":39}},"loc":{"start":{"line":115,"column":72},"end":{"line":123,"column":9}},"line":115},"7":{"name":"(anonymous_7)","decl":{"start":{"line":128,"column":23},"end":{"line":128,"column":24}},"loc":{"start":{"line":128,"column":57},"end":{"line":136,"column":9}},"line":128},"8":{"name":"match","decl":{"start":{"line":146,"column":15},"end":{"line":146,"column":20}},"loc":{"start":{"line":146,"column":31},"end":{"line":169,"column":1}},"line":146},"9":{"name":"(anonymous_9)","decl":{"start":{"line":157,"column":27},"end":{"line":157,"column":28}},"loc":{"start":{"line":157,"column":61},"end":{"line":165,"column":9}},"line":157},"10":{"name":"player","decl":{"start":{"line":176,"column":15},"end":{"line":176,"column":21}},"loc":{"start":{"line":176,"column":32},"end":{"line":222,"column":1}},"line":176},"11":{"name":"(anonymous_11)","decl":{"start":{"line":182,"column":33},"end":{"line":182,"column":34}},"loc":{"start":{"line":182,"column":72},"end":{"line":220,"column":9}},"line":182},"12":{"name":"(anonymous_12)","decl":{"start":{"line":193,"column":42},"end":{"line":193,"column":43}},"loc":{"start":{"line":193,"column":76},"end":{"line":201,"column":21}},"line":193},"13":{"name":"(anonymous_13)","decl":{"start":{"line":209,"column":42},"end":{"line":209,"column":43}},"loc":{"start":{"line":209,"column":76},"end":{"line":217,"column":21}},"line":209},"14":{"name":"search_matches","decl":{"start":{"line":230,"column":15},"end":{"line":230,"column":29}},"loc":{"start":{"line":230,"column":40},"end":{"line":272,"column":1}},"line":230},"15":{"name":"(anonymous_15)","decl":{"start":{"line":243,"column":38},"end":{"line":243,"column":39}},"loc":{"start":{"line":243,"column":71},"end":{"line":251,"column":9}},"line":243},"16":{"name":"(anonymous_16)","decl":{"start":{"line":259,"column":38},"end":{"line":259,"column":39}},"loc":{"start":{"line":259,"column":72},"end":{"line":269,"column":5}},"line":259},"17":{"name":"search_players","decl":{"start":{"line":275,"column":15},"end":{"line":275,"column":29}},"loc":{"start":{"line":275,"column":40},"end":{"line":323,"column":1}},"line":275},"18":{"name":"(anonymous_18)","decl":{"start":{"line":294,"column":38},"end":{"line":294,"column":39}},"loc":{"start":{"line":294,"column":71},"end":{"line":302,"column":9}},"line":294},"19":{"name":"(anonymous_19)","decl":{"start":{"line":311,"column":24},"end":{"line":311,"column":25}},"loc":{"start":{"line":311,"column":58},"end":{"line":321,"column":5}},"line":311}},"branchMap":{"0":{"loc":{"start":{"line":23,"column":4},"end":{"line":27,"column":5}},"type":"if","locations":[{"start":{"line":23,"column":4},"end":{"line":27,"column":5}},{"start":{"line":23,"column":4},"end":{"line":27,"column":5}}],"line":23},"1":{"loc":{"start":{"line":39,"column":17},"end":{"line":39,"column":59}},"type":"cond-expr","locations":[{"start":{"line":39,"column":34},"end":{"line":39,"column":48}},{"start":{"line":39,"column":51},"end":{"line":39,"column":59}}],"line":39},"2":{"loc":{"start":{"line":41,"column":4},"end":{"line":51,"column":5}},"type":"if","locations":[{"start":{"line":41,"column":4},"end":{"line":51,"column":5}},{"start":{"line":41,"column":4},"end":{"line":51,"column":5}}],"line":41},"3":{"loc":{"start":{"line":44,"column":11},"end":{"line":51,"column":5}},"type":"if","locations":[{"start":{"line":44,"column":11},"end":{"line":51,"column":5}},{"start":{"line":44,"column":11},"end":{"line":51,"column":5}}],"line":44},"4":{"loc":{"start":{"line":66,"column":19},"end":{"line":66,"column":63}},"type":"cond-expr","locations":[{"start":{"line":66,"column":39},"end":{"line":66,"column":56}},{"start":{"line":66,"column":59},"end":{"line":66,"column":63}}],"line":66},"5":{"loc":{"start":{"line":68,"column":21},"end":{"line":68,"column":67}},"type":"cond-expr","locations":[{"start":{"line":68,"column":43},"end":{"line":68,"column":62}},{"start":{"line":68,"column":65},"end":{"line":68,"column":67}}],"line":68},"6":{"loc":{"start":{"line":70,"column":4},"end":{"line":103,"column":5}},"type":"if","locations":[{"start":{"line":70,"column":4},"end":{"line":103,"column":5}},{"start":{"line":70,"column":4},"end":{"line":103,"column":5}}],"line":70},"7":{"loc":{"start":{"line":70,"column":8},"end":{"line":70,"column":48}},"type":"binary-expr","locations":[{"start":{"line":70,"column":8},"end":{"line":70,"column":22}},{"start":{"line":70,"column":26},"end":{"line":70,"column":48}}],"line":70},"8":{"loc":{"start":{"line":81,"column":12},"end":{"line":86,"column":13}},"type":"if","locations":[{"start":{"line":81,"column":12},"end":{"line":86,"column":13}},{"start":{"line":81,"column":12},"end":{"line":86,"column":13}}],"line":81},"9":{"loc":{"start":{"line":84,"column":19},"end":{"line":86,"column":13}},"type":"if","locations":[{"start":{"line":84,"column":19},"end":{"line":86,"column":13}},{"start":{"line":84,"column":19},"end":{"line":86,"column":13}}],"line":84},"10":{"loc":{"start":{"line":96,"column":12},"end":{"line":101,"column":13}},"type":"if","locations":[{"start":{"line":96,"column":12},"end":{"line":101,"column":13}},{"start":{"line":96,"column":12},"end":{"line":101,"column":13}}],"line":96},"11":{"loc":{"start":{"line":99,"column":19},"end":{"line":101,"column":13}},"type":"if","locations":[{"start":{"line":99,"column":19},"end":{"line":101,"column":13}},{"start":{"line":99,"column":19},"end":{"line":101,"column":13}}],"line":99},"12":{"loc":{"start":{"line":109,"column":21},"end":{"line":109,"column":67}},"type":"cond-expr","locations":[{"start":{"line":109,"column":43},"end":{"line":109,"column":62}},{"start":{"line":109,"column":65},"end":{"line":109,"column":67}}],"line":109},"13":{"loc":{"start":{"line":111,"column":4},"end":{"line":137,"column":5}},"type":"if","locations":[{"start":{"line":111,"column":4},"end":{"line":137,"column":5}},{"start":{"line":111,"column":4},"end":{"line":137,"column":5}}],"line":111},"14":{"loc":{"start":{"line":111,"column":8},"end":{"line":111,"column":48}},"type":"binary-expr","locations":[{"start":{"line":111,"column":8},"end":{"line":111,"column":22}},{"start":{"line":111,"column":26},"end":{"line":111,"column":48}}],"line":111},"15":{"loc":{"start":{"line":117,"column":12},"end":{"line":122,"column":13}},"type":"if","locations":[{"start":{"line":117,"column":12},"end":{"line":122,"column":13}},{"start":{"line":117,"column":12},"end":{"line":122,"column":13}}],"line":117},"16":{"loc":{"start":{"line":120,"column":19},"end":{"line":122,"column":13}},"type":"if","locations":[{"start":{"line":120,"column":19},"end":{"line":122,"column":13}},{"start":{"line":120,"column":19},"end":{"line":122,"column":13}}],"line":120},"17":{"loc":{"start":{"line":130,"column":12},"end":{"line":135,"column":13}},"type":"if","locations":[{"start":{"line":130,"column":12},"end":{"line":135,"column":13}},{"start":{"line":130,"column":12},"end":{"line":135,"column":13}}],"line":130},"18":{"loc":{"start":{"line":133,"column":19},"end":{"line":135,"column":13}},"type":"if","locations":[{"start":{"line":133,"column":19},"end":{"line":135,"column":13}},{"start":{"line":133,"column":19},"end":{"line":135,"column":13}}],"line":133},"19":{"loc":{"start":{"line":159,"column":12},"end":{"line":164,"column":13}},"type":"if","locations":[{"start":{"line":159,"column":12},"end":{"line":164,"column":13}},{"start":{"line":159,"column":12},"end":{"line":164,"column":13}}],"line":159},"20":{"loc":{"start":{"line":162,"column":19},"end":{"line":164,"column":13}},"type":"if","locations":[{"start":{"line":162,"column":19},"end":{"line":164,"column":13}},{"start":{"line":162,"column":19},"end":{"line":164,"column":13}}],"line":162},"21":{"loc":{"start":{"line":183,"column":12},"end":{"line":219,"column":14}},"type":"if","locations":[{"start":{"line":183,"column":12},"end":{"line":219,"column":14}},{"start":{"line":183,"column":12},"end":{"line":219,"column":14}}],"line":183},"22":{"loc":{"start":{"line":186,"column":19},"end":{"line":219,"column":14}},"type":"if","locations":[{"start":{"line":186,"column":19},"end":{"line":219,"column":14}},{"start":{"line":186,"column":19},"end":{"line":219,"column":14}}],"line":186},"23":{"loc":{"start":{"line":187,"column":16},"end":{"line":218,"column":17}},"type":"if","locations":[{"start":{"line":187,"column":16},"end":{"line":218,"column":17}},{"start":{"line":187,"column":16},"end":{"line":218,"column":17}}],"line":187},"24":{"loc":{"start":{"line":195,"column":24},"end":{"line":200,"column":25}},"type":"if","locations":[{"start":{"line":195,"column":24},"end":{"line":200,"column":25}},{"start":{"line":195,"column":24},"end":{"line":200,"column":25}}],"line":195},"25":{"loc":{"start":{"line":198,"column":31},"end":{"line":200,"column":25}},"type":"if","locations":[{"start":{"line":198,"column":31},"end":{"line":200,"column":25}},{"start":{"line":198,"column":31},"end":{"line":200,"column":25}}],"line":198},"26":{"loc":{"start":{"line":211,"column":24},"end":{"line":216,"column":25}},"type":"if","locations":[{"start":{"line":211,"column":24},"end":{"line":216,"column":25}},{"start":{"line":211,"column":24},"end":{"line":216,"column":25}}],"line":211},"27":{"loc":{"start":{"line":214,"column":31},"end":{"line":216,"column":25}},"type":"if","locations":[{"start":{"line":214,"column":31},"end":{"line":216,"column":25}},{"start":{"line":214,"column":31},"end":{"line":216,"column":25}}],"line":214},"28":{"loc":{"start":{"line":233,"column":21},"end":{"line":233,"column":67}},"type":"cond-expr","locations":[{"start":{"line":233,"column":43},"end":{"line":233,"column":62}},{"start":{"line":233,"column":65},"end":{"line":233,"column":67}}],"line":233},"29":{"loc":{"start":{"line":235,"column":15},"end":{"line":235,"column":51}},"type":"cond-expr","locations":[{"start":{"line":235,"column":32},"end":{"line":235,"column":46}},{"start":{"line":235,"column":49},"end":{"line":235,"column":51}}],"line":235},"30":{"loc":{"start":{"line":236,"column":15},"end":{"line":236,"column":51}},"type":"cond-expr","locations":[{"start":{"line":236,"column":32},"end":{"line":236,"column":46}},{"start":{"line":236,"column":49},"end":{"line":236,"column":51}}],"line":236},"31":{"loc":{"start":{"line":237,"column":4},"end":{"line":270,"column":5}},"type":"if","locations":[{"start":{"line":237,"column":4},"end":{"line":270,"column":5}},{"start":{"line":237,"column":4},"end":{"line":270,"column":5}}],"line":237},"32":{"loc":{"start":{"line":237,"column":8},"end":{"line":237,"column":48}},"type":"binary-expr","locations":[{"start":{"line":237,"column":8},"end":{"line":237,"column":22}},{"start":{"line":237,"column":26},"end":{"line":237,"column":48}}],"line":237},"33":{"loc":{"start":{"line":244,"column":12},"end":{"line":250,"column":13}},"type":"if","locations":[{"start":{"line":244,"column":12},"end":{"line":250,"column":13}},{"start":{"line":244,"column":12},"end":{"line":250,"column":13}}],"line":244},"34":{"loc":{"start":{"line":248,"column":17},"end":{"line":250,"column":13}},"type":"if","locations":[{"start":{"line":248,"column":17},"end":{"line":250,"column":13}},{"start":{"line":248,"column":17},"end":{"line":250,"column":13}}],"line":248},"35":{"loc":{"start":{"line":260,"column":12},"end":{"line":266,"column":13}},"type":"if","locations":[{"start":{"line":260,"column":12},"end":{"line":266,"column":13}},{"start":{"line":260,"column":12},"end":{"line":266,"column":13}}],"line":260},"36":{"loc":{"start":{"line":278,"column":21},"end":{"line":278,"column":67}},"type":"cond-expr","locations":[{"start":{"line":278,"column":43},"end":{"line":278,"column":62}},{"start":{"line":278,"column":65},"end":{"line":278,"column":67}}],"line":278},"37":{"loc":{"start":{"line":280,"column":15},"end":{"line":280,"column":51}},"type":"cond-expr","locations":[{"start":{"line":280,"column":32},"end":{"line":280,"column":46}},{"start":{"line":280,"column":49},"end":{"line":280,"column":51}}],"line":280},"38":{"loc":{"start":{"line":281,"column":22},"end":{"line":281,"column":72}},"type":"cond-expr","locations":[{"start":{"line":281,"column":46},"end":{"line":281,"column":67}},{"start":{"line":281,"column":70},"end":{"line":281,"column":72}}],"line":281},"39":{"loc":{"start":{"line":282,"column":13},"end":{"line":282,"column":49}},"type":"cond-expr","locations":[{"start":{"line":282,"column":30},"end":{"line":282,"column":44}},{"start":{"line":282,"column":47},"end":{"line":282,"column":49}}],"line":282},"40":{"loc":{"start":{"line":283,"column":18},"end":{"line":283,"column":61}},"type":"cond-expr","locations":[{"start":{"line":283,"column":40},"end":{"line":283,"column":59}},{"start":{"line":283,"column":60},"end":{"line":283,"column":61}}],"line":283},"41":{"loc":{"start":{"line":284,"column":19},"end":{"line":284,"column":66}},"type":"cond-expr","locations":[{"start":{"line":284,"column":42},"end":{"line":284,"column":62}},{"start":{"line":284,"column":63},"end":{"line":284,"column":66}}],"line":284},"42":{"loc":{"start":{"line":285,"column":21},"end":{"line":285,"column":70}},"type":"cond-expr","locations":[{"start":{"line":285,"column":46},"end":{"line":285,"column":68}},{"start":{"line":285,"column":69},"end":{"line":285,"column":70}}],"line":285},"43":{"loc":{"start":{"line":286,"column":22},"end":{"line":286,"column":75}},"type":"cond-expr","locations":[{"start":{"line":286,"column":48},"end":{"line":286,"column":71}},{"start":{"line":286,"column":72},"end":{"line":286,"column":75}}],"line":286},"44":{"loc":{"start":{"line":287,"column":4},"end":{"line":322,"column":5}},"type":"if","locations":[{"start":{"line":287,"column":4},"end":{"line":322,"column":5}},{"start":{"line":287,"column":4},"end":{"line":322,"column":5}}],"line":287},"45":{"loc":{"start":{"line":287,"column":8},"end":{"line":287,"column":48}},"type":"binary-expr","locations":[{"start":{"line":287,"column":8},"end":{"line":287,"column":22}},{"start":{"line":287,"column":26},"end":{"line":287,"column":48}}],"line":287},"46":{"loc":{"start":{"line":295,"column":12},"end":{"line":301,"column":13}},"type":"if","locations":[{"start":{"line":295,"column":12},"end":{"line":301,"column":13}},{"start":{"line":295,"column":12},"end":{"line":301,"column":13}}],"line":295},"47":{"loc":{"start":{"line":299,"column":17},"end":{"line":301,"column":13}},"type":"if","locations":[{"start":{"line":299,"column":17},"end":{"line":301,"column":13}},{"start":{"line":299,"column":17},"end":{"line":301,"column":13}}],"line":299},"48":{"loc":{"start":{"line":312,"column":12},"end":{"line":318,"column":13}},"type":"if","locations":[{"start":{"line":312,"column":12},"end":{"line":318,"column":13}},{"start":{"line":312,"column":12},"end":{"line":318,"column":13}}],"line":312}},"s":{"0":1,"1":1,"2":1,"3":1,"4":1,"5":2,"6":1,"7":1,"8":21,"9":21,"10":21,"11":21,"12":10,"13":11,"14":10,"15":10,"16":1,"17":1,"18":1,"19":1,"20":1,"21":0,"22":0,"23":0,"24":0,"25":0,"26":0,"27":1,"28":1,"29":0,"30":0,"31":1,"32":1,"33":1,"34":1,"35":1,"36":0,"37":0,"38":0,"39":0,"40":0,"41":0,"42":1,"43":1,"44":0,"45":0,"46":1,"47":1,"48":1,"49":1,"50":1,"51":0,"52":0,"53":1,"54":1,"55":2,"56":2,"57":2,"58":0,"59":0,"60":2,"61":2,"62":1,"63":1,"64":0,"65":0,"66":1,"67":1,"68":1,"69":1,"70":0,"71":0,"72":1,"73":1,"74":1,"75":1,"76":1,"77":1,"78":1,"79":0,"80":0,"81":0,"82":0,"83":0,"84":0,"85":1,"86":1,"87":0,"88":0,"89":1,"90":1,"91":1,"92":1,"93":1,"94":1,"95":1,"96":1,"97":1,"98":1,"99":1,"100":0,"101":0,"102":0,"103":0,"104":0,"105":0,"106":1,"107":1,"108":0,"109":0,"110":1,"111":1},"f":{"0":2,"1":21,"2":1,"3":0,"4":1,"5":1,"6":0,"7":1,"8":1,"9":1,"10":2,"11":2,"12":1,"13":1,"14":1,"15":0,"16":1,"17":1,"18":0,"19":1},"b":{"0":[1,1],"1":[10,11],"2":[10,11],"3":[10,1],"4":[1,0],"5":[0,1],"6":[0,1],"7":[1,0],"8":[0,0],"9":[0,0],"10":[0,1],"11":[1,0],"12":[0,1],"13":[0,1],"14":[1,0],"15":[0,0],"16":[0,0],"17":[0,1],"18":[1,0],"19":[0,1],"20":[1,0],"21":[0,2],"22":[2,0],"23":[1,1],"24":[0,1],"25":[1,0],"26":[0,1],"27":[1,0],"28":[0,1],"29":[1,0],"30":[1,0],"31":[0,1],"32":[1,0],"33":[0,0],"34":[0,0],"35":[0,1],"36":[0,1],"37":[1,0],"38":[1,0],"39":[1,0],"40":[0,1],"41":[0,1],"42":[0,1],"43":[0,1],"44":[0,1],"45":[1,0],"46":[0,0],"47":[0,0],"48":[0,1]},"_coverageSchema":"1a1c01bbd47fc00a2c39e90264f33305004495a9","hash":"ce6a85eaa91f447335dd7419840090c50324c335"}
,"/Users/hexiangliu/Documents/homework/CIS550/HW2/HW2/server/server.js": {"path":"/Users/hexiangliu/Documents/homework/CIS550/HW2/HW2/server/server.js","statementMap":{"0":{"start":{"line":1,"column":16},"end":{"line":1,"column":34}},"1":{"start":{"line":2,"column":19},"end":{"line":2,"column":35}},"2":{"start":{"line":3,"column":11},"end":{"line":3,"column":26}},"3":{"start":{"line":6,"column":15},"end":{"line":6,"column":34}},"4":{"start":{"line":7,"column":15},"end":{"line":7,"column":39}},"5":{"start":{"line":9,"column":12},"end":{"line":9,"column":21}},"6":{"start":{"line":12,"column":0},"end":{"line":12,"column":72}},"7":{"start":{"line":15,"column":0},"end":{"line":15,"column":31}},"8":{"start":{"line":18,"column":0},"end":{"line":18,"column":41}},"9":{"start":{"line":21,"column":0},"end":{"line":21,"column":47}},"10":{"start":{"line":24,"column":0},"end":{"line":24,"column":39}},"11":{"start":{"line":27,"column":0},"end":{"line":27,"column":31}},"12":{"start":{"line":30,"column":0},"end":{"line":30,"column":33}},"13":{"start":{"line":33,"column":0},"end":{"line":33,"column":49}},"14":{"start":{"line":36,"column":0},"end":{"line":36,"column":49}},"15":{"start":{"line":42,"column":0},"end":{"line":44,"column":3}},"16":{"start":{"line":43,"column":4},"end":{"line":43,"column":89}},"17":{"start":{"line":46,"column":0},"end":{"line":46,"column":21}}},"fnMap":{"0":{"name":"(anonymous_0)","decl":{"start":{"line":42,"column":31},"end":{"line":42,"column":32}},"loc":{"start":{"line":42,"column":37},"end":{"line":44,"column":1}},"line":42}},"branchMap":{},"s":{"0":1,"1":1,"2":1,"3":1,"4":1,"5":1,"6":1,"7":1,"8":1,"9":1,"10":1,"11":1,"12":1,"13":1,"14":1,"15":1,"16":1,"17":1},"f":{"0":1},"b":{},"_coverageSchema":"1a1c01bbd47fc00a2c39e90264f33305004495a9","hash":"48a674c1fa12e8731b0842a215e4ade42cdb9771"}
}
