TN:
SF:routes.js
FN:21,hello
FN:36,jersey
FN:60,all_matches
FN:79,(anonymous_3)
FN:94,(anonymous_4)
FN:107,all_players
FN:115,(anonymous_6)
FN:128,(anonymous_7)
FN:146,match
FN:157,(anonymous_9)
FN:176,player
FN:182,(anonymous_11)
FN:193,(anonymous_12)
FN:209,(anonymous_13)
FN:230,search_matches
FN:243,(anonymous_15)
FN:259,(anonymous_16)
FN:275,search_players
FN:294,(anonymous_18)
FN:311,(anonymous_19)
FNF:20
FNH:16
FNDA:2,hello
FNDA:21,jersey
FNDA:1,all_matches
FNDA:0,(anonymous_3)
FNDA:1,(anonymous_4)
FNDA:1,all_players
FNDA:0,(anonymous_6)
FNDA:1,(anonymous_7)
FNDA:1,match
FNDA:1,(anonymous_9)
FNDA:2,player
FNDA:2,(anonymous_11)
FNDA:1,(anonymous_12)
FNDA:1,(anonymous_13)
FNDA:1,search_matches
FNDA:0,(anonymous_15)
FNDA:1,(anonymous_16)
FNDA:1,search_players
FNDA:0,(anonymous_18)
FNDA:1,(anonymous_19)
DA:1,1
DA:2,1
DA:3,1
DA:6,1
DA:13,1
DA:23,2
DA:24,1
DA:26,1
DA:37,21
DA:38,21
DA:39,21
DA:41,21
DA:43,10
DA:44,11
DA:45,10
DA:47,10
DA:50,1
DA:66,1
DA:68,1
DA:69,1
DA:70,1
DA:75,0
DA:81,0
DA:82,0
DA:83,0
DA:84,0
DA:85,0
DA:91,1
DA:96,1
DA:97,0
DA:98,0
DA:99,1
DA:100,1
DA:109,1
DA:110,1
DA:111,1
DA:112,0
DA:117,0
DA:118,0
DA:119,0
DA:120,0
DA:121,0
DA:126,1
DA:130,1
DA:131,0
DA:132,0
DA:133,1
DA:134,1
DA:149,1
DA:150,1
DA:159,1
DA:160,0
DA:161,0
DA:162,1
DA:163,1
DA:178,2
DA:179,2
DA:183,2
DA:184,0
DA:185,0
DA:186,2
DA:187,2
DA:188,1
DA:195,1
DA:196,0
DA:197,0
DA:198,1
DA:199,1
DA:204,1
DA:211,1
DA:212,0
DA:213,0
DA:214,1
DA:215,1
DA:233,1
DA:234,1
DA:235,1
DA:236,1
DA:237,1
DA:238,0
DA:244,0
DA:245,0
DA:246,0
DA:248,0
DA:249,0
DA:255,1
DA:260,1
DA:261,0
DA:262,0
DA:265,1
DA:278,1
DA:279,1
DA:280,1
DA:281,1
DA:282,1
DA:283,1
DA:284,1
DA:285,1
DA:286,1
DA:287,1
DA:288,0
DA:295,0
DA:296,0
DA:297,0
DA:299,0
DA:300,0
DA:306,1
DA:312,1
DA:313,0
DA:314,0
DA:317,1
DA:325,1
LF:112
LH:72
BRDA:23,0,0,1
BRDA:23,0,1,1
BRDA:39,1,0,10
BRDA:39,1,1,11
BRDA:41,2,0,10
BRDA:41,2,1,11
BRDA:44,3,0,10
BRDA:44,3,1,1
BRDA:66,4,0,1
BRDA:66,4,1,0
BRDA:68,5,0,0
BRDA:68,5,1,1
BRDA:70,6,0,0
BRDA:70,6,1,1
BRDA:70,7,0,1
BRDA:70,7,1,0
BRDA:81,8,0,0
BRDA:81,8,1,0
BRDA:84,9,0,0
BRDA:84,9,1,0
BRDA:96,10,0,0
BRDA:96,10,1,1
BRDA:99,11,0,1
BRDA:99,11,1,0
BRDA:109,12,0,0
BRDA:109,12,1,1
BRDA:111,13,0,0
BRDA:111,13,1,1
BRDA:111,14,0,1
BRDA:111,14,1,0
BRDA:117,15,0,0
BRDA:117,15,1,0
BRDA:120,16,0,0
BRDA:120,16,1,0
BRDA:130,17,0,0
BRDA:130,17,1,1
BRDA:133,18,0,1
BRDA:133,18,1,0
BRDA:159,19,0,0
BRDA:159,19,1,1
BRDA:162,20,0,1
BRDA:162,20,1,0
BRDA:183,21,0,0
BRDA:183,21,1,2
BRDA:186,22,0,2
BRDA:186,22,1,0
BRDA:187,23,0,1
BRDA:187,23,1,1
BRDA:195,24,0,0
BRDA:195,24,1,1
BRDA:198,25,0,1
BRDA:198,25,1,0
BRDA:211,26,0,0
BRDA:211,26,1,1
BRDA:214,27,0,1
BRDA:214,27,1,0
BRDA:233,28,0,0
BRDA:233,28,1,1
BRDA:235,29,0,1
BRDA:235,29,1,0
BRDA:236,30,0,1
BRDA:236,30,1,0
BRDA:237,31,0,0
BRDA:237,31,1,1
BRDA:237,32,0,1
BRDA:237,32,1,0
BRDA:244,33,0,0
BRDA:244,33,1,0
BRDA:248,34,0,0
BRDA:248,34,1,0
BRDA:260,35,0,0
BRDA:260,35,1,1
BRDA:278,36,0,0
BRDA:278,36,1,1
BRDA:280,37,0,1
BRDA:280,37,1,0
BRDA:281,38,0,1
BRDA:281,38,1,0
BRDA:282,39,0,1
BRDA:282,39,1,0
BRDA:283,40,0,0
BRDA:283,40,1,1
BRDA:284,41,0,0
BRDA:284,41,1,1
BRDA:285,42,0,0
BRDA:285,42,1,1
BRDA:286,43,0,0
BRDA:286,43,1,1
BRDA:287,44,0,0
BRDA:287,44,1,1
BRDA:287,45,0,1
BRDA:287,45,1,0
BRDA:295,46,0,0
BRDA:295,46,1,0
BRDA:299,47,0,0
BRDA:299,47,1,0
BRDA:312,48,0,0
BRDA:312,48,1,1
BRF:98
BRH:46
end_of_record
TN:
SF:server.js
FN:42,(anonymous_0)
FNF:1
FNH:1
FNDA:1,(anonymous_0)
DA:1,1
DA:2,1
DA:3,1
DA:6,1
DA:7,1
DA:9,1
DA:12,1
DA:15,1
DA:18,1
DA:21,1
DA:24,1
DA:27,1
DA:30,1
DA:33,1
DA:36,1
DA:42,1
DA:43,1
DA:46,1
LF:18
LH:18
BRF:0
BRH:0
end_of_record
